<?xml version="1.0" encoding="UTF-8"?>
<testng-results skipped="0" failed="0" ignored="0" total="1" passed="1">
  <reporter-output>
  </reporter-output>
  <suite name="Parameters TestSuite" duration-ms="49" started-at="2018-01-31T06:54:43Z" finished-at="2018-01-31T06:54:43Z">
    <groups>
    </groups>
    <test name="Test1" duration-ms="49" started-at="2018-01-31T06:54:43Z" finished-at="2018-01-31T06:54:43Z">
      <class name="testclasses.TestNG_TestParameters">
        <test-method status="PASS" signature="beforeClass(java.lang.String, java.lang.String)[pri:0, instance:testclasses.TestNG_TestParameters@1efbd816]" name="beforeClass" is-config="true" duration-ms="13" started-at="2018-01-31T01:54:43Z" finished-at="2018-01-31T01:54:43Z">
          <params>
            <param index="0">
              <value>
                <![CDATA[firefox]]>
              </value>
            </param>
            <param index="1">
              <value>
                <![CDATA[mac]]>
              </value>
            </param>
          </params>
          <reporter-output>
          </reporter-output>
        </test-method> <!-- beforeClass -->
        <test-method status="PASS" signature="testMethod(java.lang.String)[pri:0, instance:testclasses.TestNG_TestParameters@1efbd816]" name="testMethod" duration-ms="7" started-at="2018-01-31T01:54:43Z" finished-at="2018-01-31T01:54:43Z">
          <params>
            <param index="0">
              <value>
                <![CDATA[201,200]]>
              </value>
            </param>
          </params>
          <reporter-output>
          </reporter-output>
        </test-method> <!-- testMethod -->
      </class> <!-- testclasses.TestNG_TestParameters -->
    </test> <!-- Test1 -->
  </suite> <!-- Parameters TestSuite -->
</testng-results>
