<?xml version="1.0" encoding="UTF-8"?>
<testng-results skipped="0" failed="1" ignored="0" total="1" passed="0">
  <reporter-output>
  </reporter-output>
  <suite name="Default suite" duration-ms="15687" started-at="2018-02-15T07:45:20Z" finished-at="2018-02-15T07:45:36Z">
    <groups>
    </groups>
    <test name="Default test" duration-ms="15687" started-at="2018-02-15T07:45:20Z" finished-at="2018-02-15T07:45:36Z">
      <class name="FileUploadAndWIndowsAuthentication.FileUploadWindows">
        <test-method status="PASS" signature="beforeClass()[pri:0, instance:FileUploadAndWIndowsAuthentication.FileUploadWindows@2b98378d]" name="beforeClass" is-config="true" duration-ms="3872" started-at="2018-02-15T02:45:20Z" finished-at="2018-02-15T02:45:24Z">
          <reporter-output>
          </reporter-output>
        </test-method> <!-- beforeClass -->
        <test-method status="FAIL" signature="fileUpload()[pri:0, instance:FileUploadAndWIndowsAuthentication.FileUploadWindows@2b98378d]" name="fileUpload" duration-ms="8786" started-at="2018-02-15T02:45:24Z" finished-at="2018-02-15T02:45:33Z">
          <exception class="java.lang.NullPointerException">
            <full-stacktrace>
              <![CDATA[java.lang.NullPointerExceptionat FileUploadAndWIndowsAuthentication.FileUploadWindows.fileUpload(FileUploadWindows.java:40)at sun.reflect.NativeMethodAccessorImpl.invoke0(Native Method)at sun.reflect.NativeMethodAccessorImpl.invoke(NativeMethodAccessorImpl.java:62)at sun.reflect.DelegatingMethodAccessorImpl.invoke(DelegatingMethodAccessorImpl.java:43)at java.lang.reflect.Method.invoke(Method.java:498)at org.testng.internal.MethodInvocationHelper.invokeMethod(MethodInvocationHelper.java:124)at org.testng.internal.Invoker.invokeMethod(Invoker.java:571)at org.testng.internal.Invoker.invokeTestMethod(Invoker.java:707)at org.testng.internal.Invoker.invokeTestMethods(Invoker.java:979)at org.testng.internal.TestMethodWorker.invokeTestMethods(TestMethodWorker.java:125)at org.testng.internal.TestMethodWorker.run(TestMethodWorker.java:109)at org.testng.TestRunner.privateRun(TestRunner.java:648)at org.testng.TestRunner.run(TestRunner.java:505)at org.testng.SuiteRunner.runTest(SuiteRunner.java:455)at org.testng.SuiteRunner.runSequentially(SuiteRunner.java:450)at org.testng.SuiteRunner.privateRun(SuiteRunner.java:415)at org.testng.SuiteRunner.run(SuiteRunner.java:364)at org.testng.SuiteRunnerWorker.runSuite(SuiteRunnerWorker.java:52)at org.testng.SuiteRunnerWorker.run(SuiteRunnerWorker.java:84)at org.testng.TestNG.runSuitesSequentially(TestNG.java:1187)at org.testng.TestNG.runSuitesLocally(TestNG.java:1116)at org.testng.TestNG.runSuites(TestNG.java:1028)at org.testng.TestNG.run(TestNG.java:996)at org.testng.remote.AbstractRemoteTestNG.run(AbstractRemoteTestNG.java:114)at org.testng.remote.RemoteTestNG.initAndRun(RemoteTestNG.java:251)at org.testng.remote.RemoteTestNG.main(RemoteTestNG.java:77)]]>
            </full-stacktrace>
          </exception> <!-- java.lang.NullPointerException -->
          <reporter-output>
          </reporter-output>
        </test-method> <!-- fileUpload -->
        <test-method status="PASS" signature="afterClass()[pri:0, instance:FileUploadAndWIndowsAuthentication.FileUploadWindows@2b98378d]" name="afterClass" is-config="true" duration-ms="3002" started-at="2018-02-15T02:45:33Z" finished-at="2018-02-15T02:45:36Z">
          <reporter-output>
          </reporter-output>
        </test-method> <!-- afterClass -->
      </class> <!-- FileUploadAndWIndowsAuthentication.FileUploadWindows -->
    </test> <!-- Default test -->
  </suite> <!-- Default suite -->
</testng-results>
