<?xml version="1.0" encoding="UTF-8"?>
<!-- Generated by org.testng.reporters.JUnitXMLReporter -->
<testsuite hostname="Tonmoys-MacBook-Pro.local" ignored="0" name="Application Test 1" tests="2" failures="1" timestamp="31 Jan 2018 21:24:01 GMT" time="0.073" errors="0">
  <testcase name="testMethod1" time="0.012" classname="listeners.TestNG_ListenersTest2"/>
  <testcase name="testMethod2" time="0.003" classname="listeners.TestNG_ListenersTest2">
    <failure type="java.lang.AssertionError" message="expected [true] but found [false]">
      <![CDATA[java.lang.AssertionError: expected [true] but found [false]
	at listeners.TestNG_ListenersTest2.testMethod2(TestNG_ListenersTest2.java:33)
... Removed 29 stack frames]]>
    </failure>
  </testcase> <!-- testMethod2 -->
</testsuite> <!-- Application Test 1 -->
