<?xml version="1.0" encoding="UTF-8"?>
<!-- Generated by org.testng.reporters.JUnitXMLReporter -->
<testsuite hostname="Tonmoys-MacBook-Pro.local" ignored="0" name="Application Test" tests="3" failures="1" timestamp="01 Feb 2018 04:50:42 GMT" time="0.074" errors="0">
  <testcase name="testMethod2" time="0.012" classname="TestReportsAndLogs.TestNG_ReportsAndLogs">
    <failure type="java.lang.AssertionError" message="expected [true] but found [false]">
      <![CDATA[java.lang.AssertionError: expected [true] but found [false]
	at TestReportsAndLogs.TestNG_ReportsAndLogs.testMethod2(TestNG_ReportsAndLogs.java:41)
... Removed 29 stack frames]]>
    </failure>
  </testcase> <!-- testMethod2 -->
  <testcase name="testMethod1" time="0.002" classname="TestReportsAndLogs.TestNG_ReportsAndLogs"/>
  <testcase name="testMethod3" time="0.0" classname="TestReportsAndLogs.TestNG_ReportsAndLogs">
    <skipped/>
  </testcase> <!-- testMethod3 -->
</testsuite> <!-- Application Test -->
