<?xml version="1.0" encoding="UTF-8"?>
<!-- Generated by org.testng.reporters.JUnitXMLReporter -->
<testsuite hostname="Tonmoys-MacBook-Pro.local" ignored="0" name="GroupsDemo" tests="4" failures="0" timestamp="31 Jan 2018 03:56:20 GMT" time="0.069" errors="0">
  <testcase name="testAudi6" time="0.007" classname="testclasses.TestNG_Grouping"/>
  <testcase name="testBMWX6" time="0.004" classname="testclasses.TestNG_Grouping"/>
  <testcase name="testNinja" time="0.004" classname="testclasses.TestNG_Grouping"/>
  <testcase name="testsHondaCBR" time="0.005" classname="testclasses.TestNG_Grouping"/>
</testsuite> <!-- GroupsDemo -->
