<?xml version="1.0" encoding="UTF-8"?>
<!-- Generated by org.testng.reporters.JUnitXMLReporter -->
<testsuite hostname="Tonmoys-MacBook-Pro.local" ignored="2" name="Groups Demo" tests="2" failures="0" timestamp="31 Jan 2018 03:32:12 GMT" time="0.053" errors="0">
  <testcase name="testNinja" time="0.018" classname="testclasses.TestNG_Grouping"/>
  <testcase name="testsHondaCBR" time="0.002" classname="testclasses.TestNG_Grouping"/>
  <testcase name="testAudi6" time="0.0" classname="testclasses.TestNG_Grouping">
    <ignored/>
  </testcase> <!-- testAudi6 -->
  <testcase name="testBMWX6" time="0.0" classname="testclasses.TestNG_Grouping">
    <ignored/>
  </testcase> <!-- testBMWX6 -->
</testsuite> <!-- Groups Demo -->
