<?xml version="1.0" encoding="UTF-8"?>
<!-- Generated by org.testng.reporters.JUnitXMLReporter -->
<testsuite hostname="Tonmoys-MacBook-Pro.local" ignored="0" name="Test 2" tests="4" failures="0" timestamp="31 Jan 2018 05:00:49 GMT" time="0.019" errors="0">
  <testcase name="testmethod1" time="0.001" classname="testclasses.TestNG_Preserve2"/>
  <testcase name="testmethod2" time="0.002" classname="testclasses.TestNG_Preserve2"/>
  <testcase name="testmethod1" time="0.001" classname="testclasses.TestNG_Preserve1"/>
  <testcase name="testmethod2" time="0.002" classname="testclasses.TestNG_Preserve1"/>
</testsuite> <!-- Test 2 -->
