<?xml version="1.0" encoding="UTF-8"?>
<!-- Generated by org.testng.reporters.JUnitXMLReporter -->
<testsuite hostname="Tonmoys-MacBook-Pro.local" ignored="0" name="Default test" tests="3" failures="0" timestamp="30 Jan 2018 21:50:26 GMT" time="0.062" errors="0">
  <testcase name="testmethod1" time="0.019" classname="testclasses.TestNG_TestAnnotation"/>
  <testcase name="testmethod2" time="0.005" classname="testclasses.TestNG_TestAnnotation"/>
  <testcase name="testmethod3" time="0.002" classname="testclasses.TestNG_TestAnnotation"/>
</testsuite> <!-- Default test -->
